#
# There is insufficient memory for the Java Runtime Environment to continue.
# Native memory allocation (mmap) failed to map 65536 bytes for Failed to commit metaspace.
# Possible reasons:
#   The system is out of physical RAM or swap space
#   The process is running with CompressedOops enabled, and the Java Heap may be blocking the growth of the native heap
# Possible solutions:
#   Reduce memory load on the system
#   Increase physical memory or swap space
#   Check if swap backing store is full
#   Decrease Java heap size (-Xmx/-Xms)
#   Decrease number of Java threads
#   Decrease Java thread stack sizes (-Xss)
#   Set larger code cache with -XX:ReservedCodeCacheSize=
#   JVM is running with Unscaled Compressed Oops mode in which the Java heap is
#     placed in the first 4GB address space. The Java Heap base address is the
#     maximum limit for the native heap growth. Please use -XX:HeapBaseMinAddress
#     to set the Java Heap base and to place the Java Heap above 4GB virtual address.
# This output file may be truncated or incomplete.
#
#  Out of Memory Error (virtualSpaceNode.cpp:110), pid=8880, tid=6584
#
# JRE version: OpenJDK Runtime Environment Temurin-17+35 (17.0+35) (build 17+35)
# Java VM: OpenJDK 64-Bit Server VM Temurin-17+35 (17+35, mixed mode, tiered, compressed oops, compressed class ptrs, g1 gc, windows-amd64)
# No core dump will be written. Minidumps are not enabled by default on client versions of Windows
#

---------------  S U M M A R Y ------------

Command Line: -Dfile.encoding=Cp1252 -XX:+ShowCodeDetailsInExceptionMessages cucumber.api.cli.Main D:\ace-testing\CV-LibraryTechnicalTest\Features\Job.feature --glue classpath: --plugin pretty --monochrome

Host: Intel(R) Core(TM) i3-10110U CPU @ 2.10GHz, 4 cores, 3G,  Windows 10 , 64 bit Build 19041 (10.0.19041.1706)
Time: Tue May 24 02:11:20 2022 India Standard Time elapsed time: 21.007762 seconds (0d 0h 0m 21s)

---------------  T H R E A D  ---------------

Current thread (0x0000012eed0f18b0):  JavaThread "C1 CompilerThread0" daemon [_thread_in_vm, id=6584, stack(0x00000004c6200000,0x00000004c6300000)]


Current CompileTask:
C1:  21008 2286       3       java.util.stream.ReferencePipeline::map (26 bytes)

Stack: [0x00000004c6200000,0x00000004c6300000]
Native frames: (J=compiled Java code, j=interpreted, Vv=VM code, C=native code)
V  [jvm.dll+0x674afa]
V  [jvm.dll+0x82eb44]
V  [jvm.dll+0x8302ee]
V  [jvm.dll+0x830953]
V  [jvm.dll+0x245335]
V  [jvm.dll+0x82aaeb]
V  [jvm.dll+0x619d26]
V  [jvm.dll+0x1c001e]
V  [jvm.dll+0x61c671]
V  [jvm.dll+0x61a6c6]
V  [jvm.dll+0x62b73a]
V  [jvm.dll+0x62456a]
V  [jvm.dll+0x1cc490]
V  [jvm.dll+0x1cc67f]
V  [jvm.dll+0x133ace]
V  [jvm.dll+0x133df6]
V  [jvm.dll+0x13328a]
V  [jvm.dll+0x134f51]
V  [jvm.dll+0x226ff8]
V  [jvm.dll+0x22513c]
V  [jvm.dll+0x7e47fb]
V  [jvm.dll+0x7dedba]
V  [jvm.dll+0x673925]
C  [ucrtbase.dll+0x21bb2]
C  [KERNEL32.DLL+0x17034]
C  [ntdll.dll+0x52651]


---------------  P R O C E S S  ---------------

Threads class SMR info:
_java_thread_list=0x0000012eefbafa70, length=23, elements={
0x0000012ed60a4770, 0x0000012eed06d9c0, 0x0000012eed06f250, 0x0000012eed0e1de0,
0x0000012eed0e2ab0, 0x0000012eed0db710, 0x0000012eed0d9090, 0x0000012eed0f0ea0,
0x0000012eed0f18b0, 0x0000012eed0f2e60, 0x0000012eed0d86f0, 0x0000012eed0db240,
0x0000012eed0d8bc0, 0x0000012eed0d9a30, 0x0000012eed0d9560, 0x0000012eed0da8a0,
0x0000012eed0d9f00, 0x0000012eed0d8220, 0x0000012eed0dbbe0, 0x0000012eed0da3d0,
0x0000012eef8c3b50, 0x0000012eef8c5830, 0x0000012eef8c9b90
}

Java Threads: ( => current thread )
  0x0000012ed60a4770 JavaThread "Forwarding clickElement on session 6d22506d0ee50da6a4dc47dd91eb3f62 to remote" [_thread_blocked, id=7644, stack(0x00000004c5400000,0x00000004c5500000)]
  0x0000012eed06d9c0 JavaThread "Reference Handler" daemon [_thread_blocked, id=26092, stack(0x00000004c5b00000,0x00000004c5c00000)]
  0x0000012eed06f250 JavaThread "Finalizer" daemon [_thread_blocked, id=19608, stack(0x00000004c5c00000,0x00000004c5d00000)]
  0x0000012eed0e1de0 JavaThread "Signal Dispatcher" daemon [_thread_blocked, id=22020, stack(0x00000004c5d00000,0x00000004c5e00000)]
  0x0000012eed0e2ab0 JavaThread "Attach Listener" daemon [_thread_blocked, id=13388, stack(0x00000004c5e00000,0x00000004c5f00000)]
  0x0000012eed0db710 JavaThread "Service Thread" daemon [_thread_blocked, id=13828, stack(0x00000004c5f00000,0x00000004c6000000)]
  0x0000012eed0d9090 JavaThread "Monitor Deflation Thread" daemon [_thread_blocked, id=24088, stack(0x00000004c6000000,0x00000004c6100000)]
  0x0000012eed0f0ea0 JavaThread "C2 CompilerThread0" daemon [_thread_blocked, id=9992, stack(0x00000004c6100000,0x00000004c6200000)]
=>0x0000012eed0f18b0 JavaThread "C1 CompilerThread0" daemon [_thread_in_vm, id=6584, stack(0x00000004c6200000,0x00000004c6300000)]
  0x0000012eed0f2e60 JavaThread "Sweeper thread" daemon [_thread_blocked, id=24264, stack(0x00000004c6300000,0x00000004c6400000)]
  0x0000012eed0d86f0 JavaThread "Notification Thread" daemon [_thread_blocked, id=22196, stack(0x00000004c6400000,0x00000004c6500000)]
  0x0000012eed0db240 JavaThread "Common-Cleaner" daemon [_thread_blocked, id=15924, stack(0x00000004c6600000,0x00000004c6700000)]
  0x0000012eed0d8bc0 JavaThread "ForkJoinPool.commonPool-worker-1" daemon [_thread_blocked, id=18944, stack(0x00000004c6b00000,0x00000004c6c00000)]
  0x0000012eed0d9a30 JavaThread "AsyncHttpClient-1-1" daemon [_thread_blocked, id=20848, stack(0x00000004c6c00000,0x00000004c6d00000)]
  0x0000012eed0d9560 JavaThread "netty-client-timer-3-1" daemon [_thread_blocked, id=25084, stack(0x00000004c6d00000,0x00000004c6e00000)]
  0x0000012eed0da8a0 JavaThread "Exec Default Executor" daemon [_thread_in_native, id=21992, stack(0x00000004c6e00000,0x00000004c6f00000)]
  0x0000012eed0d9f00 JavaThread "ForkJoinPool.commonPool-worker-2" daemon [_thread_blocked, id=14204, stack(0x00000004c6f00000,0x00000004c7000000)]
  0x0000012eed0d8220 JavaThread "UrlChecker-2" daemon [_thread_blocked, id=7992, stack(0x00000004c7000000,0x00000004c7100000)]
  0x0000012eed0dbbe0 JavaThread "Exec Stream Pumper" daemon [_thread_in_native, id=15528, stack(0x00000004c7200000,0x00000004c7300000)]
  0x0000012eed0da3d0 JavaThread "Exec Stream Pumper" daemon [_thread_in_native, id=1328, stack(0x00000004c7300000,0x00000004c7400000)]
  0x0000012eef8c3b50 JavaThread "AsyncHttpClient-1-2" daemon [_thread_in_native, id=23364, stack(0x00000004c7500000,0x00000004c7600000)]
  0x0000012eef8c5830 JavaThread "AsyncHttpClient-1-3" daemon [_thread_in_native, id=12232, stack(0x00000004c7600000,0x00000004c7700000)]
  0x0000012eef8c9b90 JavaThread "AsyncHttpClient-1-4" daemon [_thread_in_native, id=2772, stack(0x00000004c7700000,0x00000004c7800000)]

Other Threads:
  0x0000012ed616ea00 VMThread "VM Thread" [stack: 0x00000004c5a00000,0x00000004c5b00000] [id=13832]
  0x0000012ed60e2850 WatcherThread [stack: 0x00000004c6500000,0x00000004c6600000] [id=23948]
  0x0000012ed60d0cd0 GCTaskThread "GC Thread#0" [stack: 0x00000004c5500000,0x00000004c5600000] [id=21244]
  0x0000012eef48fd20 GCTaskThread "GC Thread#1" [stack: 0x00000004c6700000,0x00000004c6800000] [id=22484]
  0x0000012eee6b7f10 GCTaskThread "GC Thread#2" [stack: 0x00000004c6800000,0x00000004c6900000] [id=20864]
  0x0000012eef48a830 GCTaskThread "GC Thread#3" [stack: 0x00000004c6900000,0x00000004c6a00000] [id=15648]
  0x0000012ed60da7a0 ConcurrentGCThread "G1 Main Marker" [stack: 0x00000004c5600000,0x00000004c5700000] [id=10892]
  0x0000012ed60dc960 ConcurrentGCThread "G1 Conc#0" [stack: 0x00000004c5700000,0x00000004c5800000] [id=24000]
  0x0000012ed611c7c0 ConcurrentGCThread "G1 Refine#0" [stack: 0x00000004c5800000,0x00000004c5900000] [id=24888]
  0x0000012eee595940 ConcurrentGCThread "G1 Refine#1" [stack: 0x00000004c6a00000,0x00000004c6b00000] [id=22904]
  0x0000012ed611d1e0 ConcurrentGCThread "G1 Service" [stack: 0x00000004c5900000,0x00000004c5a00000] [id=23396]

Threads with active compile tasks:
C1 CompilerThread0    21095 2286       3       java.util.stream.ReferencePipeline::map (26 bytes)

VM state: not at safepoint (normal execution)

VM Mutex/Monitor currently owned by a thread:  ([mutex/lock_event])
[0x0000012ed609d900] Metaspace_lock - owner thread: 0x0000012eed0f18b0
[0x0000012ed609f650] MethodData_lock - owner thread: 0x0000012eed0f18b0

Heap address: 0x00000000c2400000, size: 988 MB, Compressed Oops mode: 32-bit

CDS archive(s) not mapped
Compressed class space mapped at: 0x0000000100000000-0x0000000140000000, reserved size: 1073741824
Narrow klass base: 0x0000000000000000, Narrow klass shift: 3, Narrow klass range: 0x140000000

GC Precious Log:
 CPUs: 4 total, 4 available
 Memory: 3945M
 Large Page Support: Disabled
 NUMA Support: Disabled
 Compressed Oops: Enabled (32-bit)
 Heap Region Size: 1M
 Heap Min Capacity: 8M
 Heap Initial Capacity: 62M
 Heap Max Capacity: 988M
 Pre-touch: Disabled
 Parallel Workers: 4
 Concurrent Workers: 1
 Concurrent Refinement Workers: 4
 Periodic GC: Disabled

Heap:
 garbage-first heap   total 46080K, used 37077K [0x00000000c2400000, 0x0000000100000000)
  region size 1024K, 9 young (9216K), 1 survivors (1024K)
 Metaspace       used 31381K, committed 31616K, reserved 1081344K
  class space    used 3593K, committed 3712K, reserved 1048576K

Heap Regions: E=young(eden), S=young(survivor), O=old, HS=humongous(starts), HC=humongous(continues), CS=collection set, F=free, OA=open archive, CA=closed archive, TAMS=top-at-mark-start (previous, next)
|   0|0x00000000c2400000, 0x00000000c2500000, 0x00000000c2500000|100%| O|  |TAMS 0x00000000c2500000, 0x00000000c2500000| Untracked 
|   1|0x00000000c2500000, 0x00000000c2600000, 0x00000000c2600000|100%| O|  |TAMS 0x00000000c2600000, 0x00000000c2600000| Untracked 
|   2|0x00000000c2600000, 0x00000000c2700000, 0x00000000c2700000|100%| O|  |TAMS 0x00000000c2700000, 0x00000000c2700000| Untracked 
|   3|0x00000000c2700000, 0x00000000c2800000, 0x00000000c2800000|100%| O|  |TAMS 0x00000000c2800000, 0x00000000c2800000| Untracked 
|   4|0x00000000c2800000, 0x00000000c2900000, 0x00000000c2900000|100%| O|  |TAMS 0x00000000c2900000, 0x00000000c2900000| Untracked 
|   5|0x00000000c2900000, 0x00000000c2a00000, 0x00000000c2a00000|100%| O|  |TAMS 0x00000000c2a00000, 0x00000000c2a00000| Untracked 
|   6|0x00000000c2a00000, 0x00000000c2b00000, 0x00000000c2b00000|100%| O|  |TAMS 0x00000000c2b00000, 0x00000000c2b00000| Untracked 
|   7|0x00000000c2b00000, 0x00000000c2c00000, 0x00000000c2c00000|100%| O|  |TAMS 0x00000000c2b00000, 0x00000000c2c00000| Untracked 
|   8|0x00000000c2c00000, 0x00000000c2c68400, 0x00000000c2d00000| 40%| O|  |TAMS 0x00000000c2c00000, 0x00000000c2c68400| Untracked 
|   9|0x00000000c2d00000, 0x00000000c2e00000, 0x00000000c2e00000|100%| O|  |TAMS 0x00000000c2d00000, 0x00000000c2d00000| Untracked 
|  10|0x00000000c2e00000, 0x00000000c2f00000, 0x00000000c2f00000|100%| O|  |TAMS 0x00000000c2e00000, 0x00000000c2e00000| Untracked 
|  11|0x00000000c2f00000, 0x00000000c2fdca00, 0x00000000c3000000| 86%| O|  |TAMS 0x00000000c2f00000, 0x00000000c2f00000| Untracked 
|  12|0x00000000c3000000, 0x00000000c3000000, 0x00000000c3100000|  0%| F|  |TAMS 0x00000000c3000000, 0x00000000c3000000| Untracked 
|  13|0x00000000c3100000, 0x00000000c3100000, 0x00000000c3200000|  0%| F|  |TAMS 0x00000000c3100000, 0x00000000c3100000| Untracked 
|  14|0x00000000c3200000, 0x00000000c3200000, 0x00000000c3300000|  0%| F|  |TAMS 0x00000000c3200000, 0x00000000c3200000| Untracked 
|  15|0x00000000c3300000, 0x00000000c3300000, 0x00000000c3400000|  0%| F|  |TAMS 0x00000000c3300000, 0x00000000c3300000| Untracked 
|  16|0x00000000c3400000, 0x00000000c3400000, 0x00000000c3500000|  0%| F|  |TAMS 0x00000000c3400000, 0x00000000c3400000| Untracked 
|  17|0x00000000c3500000, 0x00000000c3500000, 0x00000000c3600000|  0%| F|  |TAMS 0x00000000c3500000, 0x00000000c3500000| Untracked 
|  18|0x00000000c3600000, 0x00000000c3600000, 0x00000000c3700000|  0%| F|  |TAMS 0x00000000c3600000, 0x00000000c3600000| Untracked 
|  19|0x00000000c3700000, 0x00000000c37d04a0, 0x00000000c3800000| 81%| E|  |TAMS 0x00000000c3700000, 0x00000000c3700000| Complete 
|  20|0x00000000c3800000, 0x00000000c3900000, 0x00000000c3900000|100%| E|CS|TAMS 0x00000000c3800000, 0x00000000c3800000| Complete 
|  21|0x00000000c3900000, 0x00000000c3a00000, 0x00000000c3a00000|100%| E|CS|TAMS 0x00000000c3900000, 0x00000000c3900000| Complete 
|  22|0x00000000c3a00000, 0x00000000c3b00000, 0x00000000c3b00000|100%| E|CS|TAMS 0x00000000c3a00000, 0x00000000c3a00000| Complete 
|  23|0x00000000c3b00000, 0x00000000c3c00000, 0x00000000c3c00000|100%| E|CS|TAMS 0x00000000c3b00000, 0x00000000c3b00000| Complete 
|  24|0x00000000c3c00000, 0x00000000c3d00000, 0x00000000c3d00000|100%| E|CS|TAMS 0x00000000c3c00000, 0x00000000c3c00000| Complete 
|  25|0x00000000c3d00000, 0x00000000c3df09e0, 0x00000000c3e00000| 93%| S|CS|TAMS 0x00000000c3d00000, 0x00000000c3d00000| Complete 
|  26|0x00000000c3e00000, 0x00000000c3f00000, 0x00000000c3f00000|100%|HS|  |TAMS 0x00000000c3e00000, 0x00000000c3e00000| Complete 
|  27|0x00000000c3f00000, 0x00000000c4000000, 0x00000000c4000000|100%|HC|  |TAMS 0x00000000c3f00000, 0x00000000c3f00000| Complete 
|  28|0x00000000c4000000, 0x00000000c4100000, 0x00000000c4100000|100%|HC|  |TAMS 0x00000000c4000000, 0x00000000c4000000| Complete 
|  29|0x00000000c4100000, 0x00000000c4200000, 0x00000000c4200000|100%|HC|  |TAMS 0x00000000c4100000, 0x00000000c4100000| Complete 
|  30|0x00000000c4200000, 0x00000000c4300000, 0x00000000c4300000|100%|HC|  |TAMS 0x00000000c4200000, 0x00000000c4200000| Complete 
|  31|0x00000000c4300000, 0x00000000c4400000, 0x00000000c4400000|100%|HC|  |TAMS 0x00000000c4300000, 0x00000000c4300000| Complete 
|  32|0x00000000c4400000, 0x00000000c4500000, 0x00000000c4500000|100%|HC|  |TAMS 0x00000000c4400000, 0x00000000c4400000| Complete 
|  33|0x00000000c4500000, 0x00000000c4600000, 0x00000000c4600000|100%|HC|  |TAMS 0x00000000c4500000, 0x00000000c4500000| Complete 
|  34|0x00000000c4600000, 0x00000000c4700000, 0x00000000c4700000|100%|HC|  |TAMS 0x00000000c4600000, 0x00000000c4600000| Complete 
|  35|0x00000000c4700000, 0x00000000c4800000, 0x00000000c4800000|100%|HC|  |TAMS 0x00000000c4700000, 0x00000000c4700000| Complete 
|  36|0x00000000c4800000, 0x00000000c4900000, 0x00000000c4900000|100%|HC|  |TAMS 0x00000000c4800000, 0x00000000c4800000| Complete 
|  37|0x00000000c4900000, 0x00000000c4a00000, 0x00000000c4a00000|100%|HC|  |TAMS 0x00000000c4900000, 0x00000000c4900000| Complete 
|  38|0x00000000c4a00000, 0x00000000c4b00000, 0x00000000c4b00000|100%|HC|  |TAMS 0x00000000c4a00000, 0x00000000c4a00000| Complete 
|  39|0x00000000c4b00000, 0x00000000c4c00000, 0x00000000c4c00000|100%|HC|  |TAMS 0x00000000c4b00000, 0x00000000c4b00000| Complete 
|  40|0x00000000c4c00000, 0x00000000c4d00000, 0x00000000c4d00000|100%|HC|  |TAMS 0x00000000c4c00000, 0x00000000c4c00000| Complete 
|  41|0x00000000c4d00000, 0x00000000c4e00000, 0x00000000c4e00000|100%|HC|  |TAMS 0x00000000c4d00000, 0x00000000c4d00000| Complete 
|  42|0x00000000c4e00000, 0x00000000c4f00000, 0x00000000c4f00000|100%|HC|  |TAMS 0x00000000c4e00000, 0x00000000c4e00000| Complete 
|  53|0x00000000c5900000, 0x00000000c5a00000, 0x00000000c5a00000|100%| E|CS|TAMS 0x00000000c5900000, 0x00000000c5900000| Complete 
|  61|0x00000000c6100000, 0x00000000c6200000, 0x00000000c6200000|100%| E|CS|TAMS 0x00000000c6100000, 0x00000000c6100000| Complete 

Card table byte_map: [0x0000012ee8930000,0x0000012ee8b20000] _byte_map_base: 0x0000012ee831e000

Marking Bits (Prev, Next): (CMBitMap*) 0x0000012ed60d1320, (CMBitMap*) 0x0000012ed60d12e0
 Prev Bits: [0x0000012ee9c80000, 0x0000012eeabf0000)
 Next Bits: [0x0000012ee8d10000, 0x0000012ee9c80000)

Polling page: 0x0000012ed3fe0000

Metaspace:

Usage:
  Non-class:     27.14 MB used.
      Class:      3.51 MB used.
       Both:     30.65 MB used.

Virtual space:
  Non-class space:       32.00 MB reserved,      27.25 MB ( 85%) committed,  4 nodes.
      Class space:        1.00 GB reserved,       3.62 MB ( <1%) committed,  1 nodes.
             Both:        1.03 GB reserved,      30.88 MB (  3%) committed. 

Chunk freelists:
   Non-Class:  304.00 KB
       Class:  400.00 KB
        Both:  704.00 KB

MaxMetaspaceSize: unlimited
CompressedClassSpaceSize: 1.00 GB
Initial GC threshold: 21.00 MB
Current GC threshold: 35.25 MB
CDS: off
MetaspaceReclaimPolicy: balanced
 - commit_granule_bytes: 65536.
 - commit_granule_words: 8192.
 - virtual_space_node_default_size: 1048576.
 - enlarge_chunks_in_place: 1.
 - new_chunks_are_fully_committed: 0.
 - uncommit_free_chunks: 1.
 - use_allocation_guard: 0.
 - handle_deallocations: 1.


Internal statistics:

num_allocs_failed_limit: 3.
num_arena_births: 168.
num_arena_deaths: 0.
num_vsnodes_births: 5.
num_vsnodes_deaths: 0.
num_space_committed: 494.
num_space_uncommitted: 0.
num_chunks_returned_to_freelist: 3.
num_chunks_taken_from_freelist: 787.
num_chunk_merges: 0.
num_chunk_splits: 561.
num_chunks_enlarged: 463.
num_purges: 0.
num_inconsistent_stats: 0.

CodeHeap 'non-profiled nmethods': size=120000Kb used=1041Kb max_used=1041Kb free=118958Kb
 bounds [0x0000012ee1210000, 0x0000012ee1480000, 0x0000012ee8740000]
CodeHeap 'profiled nmethods': size=120000Kb used=4424Kb max_used=4424Kb free=115575Kb
 bounds [0x0000012ed9ce0000, 0x0000012eda140000, 0x0000012ee1210000]
CodeHeap 'non-nmethods': size=5760Kb used=1258Kb max_used=1330Kb free=4501Kb
 bounds [0x0000012ed9740000, 0x0000012ed99b0000, 0x0000012ed9ce0000]
 total_blobs=2851 nmethods=2284 adapters=479
 compilation: enabled
              stopped_count=0, restarted_count=0
 full_count=0

Compilation events (20 events):
Event: 20.606 Thread 0x0000012eed0f18b0 nmethod 2275 0x0000012ee1312c10 code [0x0000012ee1312da0, 0x0000012ee1312e78]
Event: 20.606 Thread 0x0000012eed0f18b0 2276       1       io.netty.handler.codec.http.HttpObjectDecoder::access$000 (5 bytes)
Event: 20.607 Thread 0x0000012eed0f18b0 nmethod 2276 0x0000012ee1312f10 code [0x0000012ee13130a0, 0x0000012ee1313158]
Event: 20.611 Thread 0x0000012eed0f18b0 2277       3       com.google.common.base.CharMatcher$Ascii::matches (12 bytes)
Event: 20.611 Thread 0x0000012eed0f18b0 nmethod 2277 0x0000012eda130610 code [0x0000012eda1307a0, 0x0000012eda130918]
Event: 20.611 Thread 0x0000012eed0f18b0 2279       3       java.util.Arrays::binarySearch (9 bytes)
Event: 20.611 Thread 0x0000012eed0f18b0 nmethod 2279 0x0000012eda130990 code [0x0000012eda130b20, 0x0000012eda130c48]
Event: 20.611 Thread 0x0000012eed0f18b0 2280       3       java.util.Arrays::binarySearch0 (72 bytes)
Event: 20.611 Thread 0x0000012eed0f18b0 nmethod 2280 0x0000012eda130d10 code [0x0000012eda130ec0, 0x0000012eda131158]
Event: 20.612 Thread 0x0000012eed0f18b0 2278       3       com.google.common.base.CharMatcher$AnyOf::matches (17 bytes)
Event: 20.612 Thread 0x0000012eed0f18b0 nmethod 2278 0x0000012eda131290 code [0x0000012eda131440, 0x0000012eda131648]
Event: 20.612 Thread 0x0000012eed0f0ea0 2282       4       java.util.ArrayList::add (25 bytes)
Event: 20.612 Thread 0x0000012eed0f18b0 2281       1       com.google.common.collect.ImmutableMultimap::asMap (5 bytes)
Event: 20.613 Thread 0x0000012eed0f18b0 nmethod 2281 0x0000012ee1313210 code [0x0000012ee13133a0, 0x0000012ee1313478]
Event: 20.614 Thread 0x0000012eed0f18b0 2283       3       java.util.stream.Sink$ChainedReference::begin (11 bytes)
Event: 20.616 Thread 0x0000012eed0f18b0 nmethod 2283 0x0000012eda131790 code [0x0000012eda131940, 0x0000012eda131b08]
Event: 20.641 Thread 0x0000012eed0f0ea0 nmethod 2282 0x0000012ee1313510 code [0x0000012ee13136c0, 0x0000012ee1313ea8]
Event: 20.989 Thread 0x0000012eed0f18b0 2284  s    3       java.lang.Throwable::fillInStackTrace (29 bytes)
Event: 20.990 Thread 0x0000012eed0f18b0 nmethod 2284 0x0000012eda131c10 code [0x0000012eda131dc0, 0x0000012eda1320a8]
Event: 20.990 Thread 0x0000012eed0f18b0 2286       3       java.util.stream.ReferencePipeline::map (26 bytes)

GC Heap History (12 events):
Event: 1.166 GC heap before
{Heap before GC invocations=0 (full 0):
 garbage-first heap   total 63488K, used 12288K [0x00000000c2400000, 0x0000000100000000)
  region size 1024K, 13 young (13312K), 0 survivors (0K)
 Metaspace       used 10344K, committed 10496K, reserved 1064960K
  class space    used 957K, committed 1024K, reserved 1048576K
}
Event: 1.171 GC heap after
{Heap after GC invocations=1 (full 0):
 garbage-first heap   total 63488K, used 6500K [0x00000000c2400000, 0x0000000100000000)
  region size 1024K, 2 young (2048K), 2 survivors (2048K)
 Metaspace       used 10344K, committed 10496K, reserved 1064960K
  class space    used 957K, committed 1024K, reserved 1048576K
}
Event: 1.501 GC heap before
{Heap before GC invocations=1 (full 0):
 garbage-first heap   total 63488K, used 15716K [0x00000000c2400000, 0x0000000100000000)
  region size 1024K, 12 young (12288K), 2 survivors (2048K)
 Metaspace       used 13941K, committed 14144K, reserved 1064960K
  class space    used 1320K, committed 1408K, reserved 1048576K
}
Event: 1.505 GC heap after
{Heap after GC invocations=2 (full 0):
 garbage-first heap   total 63488K, used 7429K [0x00000000c2400000, 0x0000000100000000)
  region size 1024K, 1 young (1024K), 1 survivors (1024K)
 Metaspace       used 13941K, committed 14144K, reserved 1064960K
  class space    used 1320K, committed 1408K, reserved 1048576K
}
Event: 2.210 GC heap before
{Heap before GC invocations=2 (full 0):
 garbage-first heap   total 63488K, used 25861K [0x00000000c2400000, 0x0000000100000000)
  region size 1024K, 20 young (20480K), 1 survivors (1024K)
 Metaspace       used 18296K, committed 18560K, reserved 1073152K
  class space    used 1888K, committed 1984K, reserved 1048576K
}
Event: 2.216 GC heap after
{Heap after GC invocations=3 (full 0):
 garbage-first heap   total 63488K, used 10240K [0x00000000c2400000, 0x0000000100000000)
  region size 1024K, 3 young (3072K), 3 survivors (3072K)
 Metaspace       used 18296K, committed 18560K, reserved 1073152K
  class space    used 1888K, committed 1984K, reserved 1048576K
}
Event: 2.482 GC heap before
{Heap before GC invocations=3 (full 0):
 garbage-first heap   total 63488K, used 16384K [0x00000000c2400000, 0x0000000100000000)
  region size 1024K, 11 young (11264K), 3 survivors (3072K)
 Metaspace       used 21314K, committed 21504K, reserved 1073152K
  class space    used 2239K, committed 2368K, reserved 1048576K
}
Event: 2.487 GC heap after
{Heap after GC invocations=4 (full 0):
 garbage-first heap   total 63488K, used 9633K [0x00000000c2400000, 0x0000000100000000)
  region size 1024K, 1 young (1024K), 1 survivors (1024K)
 Metaspace       used 21314K, committed 21504K, reserved 1073152K
  class space    used 2239K, committed 2368K, reserved 1048576K
}
Event: 4.891 GC heap before
{Heap before GC invocations=5 (full 0):
 garbage-first heap   total 37888K, used 28065K [0x00000000c2400000, 0x0000000100000000)
  region size 1024K, 20 young (20480K), 1 survivors (1024K)
 Metaspace       used 26943K, committed 27136K, reserved 1073152K
  class space    used 2969K, committed 3072K, reserved 1048576K
}
Event: 4.897 GC heap after
{Heap after GC invocations=6 (full 0):
 garbage-first heap   total 37888K, used 11681K [0x00000000c2400000, 0x0000000100000000)
  region size 1024K, 3 young (3072K), 3 survivors (3072K)
 Metaspace       used 26943K, committed 27136K, reserved 1073152K
  class space    used 2969K, committed 3072K, reserved 1048576K
}
Event: 5.205 GC heap before
{Heap before GC invocations=6 (full 0):
 garbage-first heap   total 37888K, used 20897K [0x00000000c2400000, 0x0000000100000000)
  region size 1024K, 14 young (14336K), 3 survivors (3072K)
 Metaspace       used 29575K, committed 29824K, reserved 1081344K
  class space    used 3339K, committed 3456K, reserved 1048576K
}
Event: 5.210 GC heap after
{Heap after GC invocations=7 (full 0):
 garbage-first heap   total 37888K, used 12501K [0x00000000c2400000, 0x0000000100000000)
  region size 1024K, 1 young (1024K), 1 survivors (1024K)
 Metaspace       used 29575K, committed 29824K, reserved 1081344K
  class space    used 3339K, committed 3456K, reserved 1048576K
}

Deoptimization events (20 events):
Event: 2.945 Thread 0x0000012eed0d8220 Uncommon trap: trap_request=0xffffff45 fr.pc=0x0000012ee12b2128 relative=0x0000000000000108
Event: 2.945 Thread 0x0000012eed0d8220 Uncommon trap: reason=unstable_if action=reinterpret pc=0x0000012ee12b2128 method=java.lang.CharacterDataLatin1.digit(II)I @ 12 c2
Event: 2.945 Thread 0x0000012eed0d8220 DEOPT PACKING pc=0x0000012ee12b2128 sp=0x00000004c70fed60
Event: 2.945 Thread 0x0000012eed0d8220 DEOPT UNPACKING pc=0x0000012ed97923a3 sp=0x00000004c70fec18 mode 2
Event: 2.961 Thread 0x0000012eed0d8220 Uncommon trap: trap_request=0xffffff45 fr.pc=0x0000012ee12b1d48 relative=0x00000000000000a8
Event: 2.961 Thread 0x0000012eed0d8220 Uncommon trap: reason=unstable_if action=reinterpret pc=0x0000012ee12b1d48 method=java.lang.CharacterDataLatin1.digit(II)I @ 12 c2
Event: 2.961 Thread 0x0000012eed0d8220 DEOPT PACKING pc=0x0000012ee12b1d48 sp=0x00000004c70fec80
Event: 2.961 Thread 0x0000012eed0d8220 DEOPT UNPACKING pc=0x0000012ed97923a3 sp=0x00000004c70fec10 mode 2
Event: 4.640 Thread 0x0000012eed0d8220 Uncommon trap: trap_request=0xffffff45 fr.pc=0x0000012ee12ccd90 relative=0x00000000000000f0
Event: 4.640 Thread 0x0000012eed0d8220 Uncommon trap: reason=unstable_if action=reinterpret pc=0x0000012ee12ccd90 method=java.lang.ThreadLocal.get()Ljava/lang/Object; @ 11 c2
Event: 4.640 Thread 0x0000012eed0d8220 DEOPT PACKING pc=0x0000012ee12ccd90 sp=0x00000004c70feb60
Event: 4.640 Thread 0x0000012eed0d8220 DEOPT UNPACKING pc=0x0000012ed97923a3 sp=0x00000004c70feaf0 mode 2
Event: 8.690 Thread 0x0000012ed60a4770 Uncommon trap: trap_request=0xffffffde fr.pc=0x0000012ee1307a1c relative=0x000000000000037c
Event: 8.690 Thread 0x0000012ed60a4770 Uncommon trap: reason=class_check action=maybe_recompile pc=0x0000012ee1307a1c method=java.util.HashMap.putVal(ILjava/lang/Object;Ljava/lang/Object;ZZ)Ljava/lang/Object; @ 253 c2
Event: 8.690 Thread 0x0000012ed60a4770 DEOPT PACKING pc=0x0000012ee1307a1c sp=0x00000004c54fcab0
Event: 8.690 Thread 0x0000012ed60a4770 DEOPT UNPACKING pc=0x0000012ed97923a3 sp=0x00000004c54fca30 mode 2
Event: 8.720 Thread 0x0000012ed60a4770 Uncommon trap: trap_request=0xffffff45 fr.pc=0x0000012ee12f4a30 relative=0x0000000000001030
Event: 8.720 Thread 0x0000012ed60a4770 Uncommon trap: reason=unstable_if action=reinterpret pc=0x0000012ee12f4a30 method=java.util.concurrent.ConcurrentHashMap.putVal(Ljava/lang/Object;Ljava/lang/Object;Z)Ljava/lang/Object; @ 231 c2
Event: 8.720 Thread 0x0000012ed60a4770 DEOPT PACKING pc=0x0000012ee12f4a30 sp=0x00000004c54fd2e0
Event: 8.720 Thread 0x0000012ed60a4770 DEOPT UNPACKING pc=0x0000012ed97923a3 sp=0x00000004c54fd250 mode 2

Classes unloaded (0 events):
No events

Classes redefined (0 events):
No events

Internal exceptions (20 events):
Event: 3.321 Thread 0x0000012eed0d8220 Exception <a 'java/net/SocketException'{0x00000000c390e908}: Socket is not connected: shutdown> (0x00000000c390e908) 
thrown [e:\jenkins\tmp\workspace\build\src\src\hotspot\share\prims\jni.cpp, line 535]
Event: 3.647 Thread 0x0000012eed0d8220 Exception <a 'java/net/ConnectException'{0x00000000c390f8a0}: Connection refused: no further information> (0x00000000c390f8a0) 
thrown [e:\jenkins\tmp\workspace\build\src\src\hotspot\share\prims\jni.cpp, line 535]
Event: 3.647 Thread 0x0000012eed0d8220 Exception <a 'java/net/SocketException'{0x00000000c390fbd8}: Socket is not connected: shutdown> (0x00000000c390fbd8) 
thrown [e:\jenkins\tmp\workspace\build\src\src\hotspot\share\prims\jni.cpp, line 535]
Event: 3.973 Thread 0x0000012eed0d8220 Exception <a 'java/net/ConnectException'{0x00000000c3910b70}: Connection refused: no further information> (0x00000000c3910b70) 
thrown [e:\jenkins\tmp\workspace\build\src\src\hotspot\share\prims\jni.cpp, line 535]
Event: 3.973 Thread 0x0000012eed0d8220 Exception <a 'java/net/SocketException'{0x00000000c3910ea8}: Socket is not connected: shutdown> (0x00000000c3910ea8) 
thrown [e:\jenkins\tmp\workspace\build\src\src\hotspot\share\prims\jni.cpp, line 535]
Event: 4.299 Thread 0x0000012eed0d8220 Exception <a 'java/net/ConnectException'{0x00000000c3911e40}: Connection refused: no further information> (0x00000000c3911e40) 
thrown [e:\jenkins\tmp\workspace\build\src\src\hotspot\share\prims\jni.cpp, line 535]
Event: 4.299 Thread 0x0000012eed0d8220 Exception <a 'java/net/SocketException'{0x00000000c3912178}: Socket is not connected: shutdown> (0x00000000c3912178) 
thrown [e:\jenkins\tmp\workspace\build\src\src\hotspot\share\prims\jni.cpp, line 535]
Event: 4.640 Thread 0x0000012eed0d8220 Implicit null exception at 0x0000012ee12ccce0 to 0x0000012ee12ccd7c
Event: 4.685 Thread 0x0000012ed60a4770 Exception <a 'java/lang/NoSuchMethodError'{0x00000000c3847bd0}: 'java.lang.Object java.lang.invoke.DirectMethodHandle$Holder.invokeInterface(java.lang.Object, java.lang.Object, java.lang.Object)'> (0x00000000c3847bd0) 
thrown [e:\jenkins\tmp\workspace\build\src\src\hotspot\share\interpreter\linkResolver.cpp, line 766]
Event: 4.687 Thread 0x0000012ed60a4770 Exception <a 'java/lang/IncompatibleClassChangeError'{0x00000000c384b800}: Found class java.lang.Object, but interface was expected> (0x00000000c384b800) 
thrown [e:\jenkins\tmp\workspace\build\src\src\hotspot\share\interpreter\linkResolver.cpp, line 833]
Event: 4.696 Thread 0x0000012ed60a4770 Exception <a 'java/lang/NoSuchMethodError'{0x00000000c3854068}: 'int java.lang.invoke.DirectMethodHandle$Holder.invokeSpecialIFC(java.lang.Object, java.lang.Object, java.lang.Object, java.lang.Object)'> (0x00000000c3854068) 
thrown [e:\jenkins\tmp\workspace\build\src\src\hotspot\share\interpreter\linkResolver.cpp, line 766]
Event: 4.699 Thread 0x0000012ed60a4770 Exception <a 'java/lang/NoSuchMethodError'{0x00000000c385c8e8}: 'java.lang.Object java.lang.invoke.DirectMethodHandle$Holder.invokeInterface(java.lang.Object, java.lang.Object, java.lang.Object, java.lang.Object)'> (0x00000000c385c8e8) 
thrown [e:\jenkins\tmp\workspace\build\src\src\hotspot\share\interpreter\linkResolver.cpp, line 766]
Event: 4.705 Thread 0x0000012ed60a4770 Exception <a 'java/lang/NoSuchMethodError'{0x00000000c3869168}: 'void java.lang.invoke.DirectMethodHandle$Holder.invokeInterface(java.lang.Object, java.lang.Object, java.lang.Object)'> (0x00000000c3869168) 
thrown [e:\jenkins\tmp\workspace\build\src\src\hotspot\share\interpreter\linkResolver.cpp, line 766]
Event: 4.760 Thread 0x0000012ed60a4770 Exception <a 'java/lang/NoSuchMethodError'{0x00000000c389d950}: 'double java.lang.invoke.DirectMethodHandle$Holder.invokeVirtual(java.lang.Object, java.lang.Object)'> (0x00000000c389d950) 
thrown [e:\jenkins\tmp\workspace\build\src\src\hotspot\share\interpreter\linkResolver.cpp, line 766]
Event: 4.761 Thread 0x0000012ed60a4770 Exception <a 'java/lang/NoSuchMethodError'{0x00000000c38a41b0}: 'float java.lang.invoke.DirectMethodHandle$Holder.invokeVirtual(java.lang.Object, java.lang.Object)'> (0x00000000c38a41b0) 
thrown [e:\jenkins\tmp\workspace\build\src\src\hotspot\share\interpreter\linkResolver.cpp, line 766]
Event: 4.763 Thread 0x0000012ed60a4770 Exception <a 'java/lang/NoSuchMethodError'{0x00000000c38ad438}: 'long java.lang.invoke.DirectMethodHandle$Holder.invokeVirtual(java.lang.Object, java.lang.Object)'> (0x00000000c38ad438) 
thrown [e:\jenkins\tmp\workspace\build\src\src\hotspot\share\interpreter\linkResolver.cpp, line 766]
Event: 4.803 Thread 0x0000012ed60a4770 Exception <a 'java/lang/NoSuchMethodError'{0x00000000c38defc8}: 'java.lang.Object java.lang.invoke.DirectMethodHandle$Holder.invokeVirtual(java.lang.Object, java.lang.Object, java.lang.Object)'> (0x00000000c38defc8) 
thrown [e:\jenkins\tmp\workspace\build\src\src\hotspot\share\interpreter\linkResolver.cpp, line 766]
Event: 4.831 Thread 0x0000012ed60a4770 Exception <a 'java/lang/NoSuchMethodError'{0x00000000c36036f0}: 'void java.lang.invoke.DirectMethodHandle$Holder.invokeStatic(java.lang.Object, java.lang.Object, int)'> (0x00000000c36036f0) 
thrown [e:\jenkins\tmp\workspace\build\src\src\hotspot\share\interpreter\linkResolver.cpp, line 766]
Event: 4.983 Thread 0x0000012ed60a4770 Exception <a 'java/lang/NoSuchMethodError'{0x00000000c4468348}: 'void java.lang.invoke.DirectMethodHandle$Holder.invokeSpecial(java.lang.Object, java.lang.Object, java.lang.Object, java.lang.Object, java.lang.Object, java.lang.Object)'> (0x00000000c4468348) 
thrown [e:\jenkins\tmp\workspace\build\src\src\hotspot\share\interpreter\linkResolver.cpp, line 766]
Event: 8.674 Thread 0x0000012ed60a4770 Exception <a 'java/lang/NoSuchMethodError'{0x00000000c3c81238}: 'java.lang.Object java.lang.invoke.DirectMethodHandle$Holder.invokeSpecialIFC(java.lang.Object, java.lang.Object, java.lang.Object)'> (0x00000000c3c81238) 
thrown [e:\jenkins\tmp\workspace\build\src\src\hotspot\share\interpreter\linkResolver.cpp, line 766]

VM Operations (20 events):
Event: 4.644 Executing VM operation: HandshakeAllThreads
Event: 4.644 Executing VM operation: HandshakeAllThreads done
Event: 4.644 Executing VM operation: Cleanup
Event: 4.645 Executing VM operation: Cleanup done
Event: 4.646 Executing VM operation: HandshakeAllThreads
Event: 4.646 Executing VM operation: HandshakeAllThreads done
Event: 4.652 Executing VM operation: HandshakeAllThreads
Event: 4.652 Executing VM operation: HandshakeAllThreads done
Event: 4.891 Executing VM operation: G1CollectForAllocation
Event: 4.897 Executing VM operation: G1CollectForAllocation done
Event: 5.205 Executing VM operation: G1TryInitiateConcMark
Event: 5.210 Executing VM operation: G1TryInitiateConcMark done
Event: 6.211 Executing VM operation: Cleanup
Event: 6.211 Executing VM operation: Cleanup done
Event: 9.236 Executing VM operation: Cleanup
Event: 9.236 Executing VM operation: Cleanup done
Event: 10.241 Executing VM operation: Cleanup
Event: 10.241 Executing VM operation: Cleanup done
Event: 14.275 Executing VM operation: Cleanup
Event: 14.275 Executing VM operation: Cleanup done

Events (20 events):
Event: 8.698 loading class java/lang/StackStreamFactory$StackFrameTraverser$StackFrameBuffer done
Event: 8.735 Thread 0x0000012eef8c5830 Thread added: 0x0000012eef8c5830
Event: 8.767 loading class java/util/Base64
Event: 8.767 loading class java/util/Base64 done
Event: 8.767 loading class java/util/Base64$Encoder
Event: 8.768 loading class java/util/Base64$Encoder done
Event: 8.768 Thread 0x0000012eef8c9b90 Thread added: 0x0000012eef8c9b90
Event: 8.770 loading class java/util/concurrent/CompletableFuture$UniExceptionally
Event: 8.770 loading class java/util/concurrent/CompletableFuture$UniCompletion
Event: 8.770 loading class java/util/concurrent/CompletableFuture$UniCompletion done
Event: 8.770 loading class java/util/concurrent/CompletableFuture$UniExceptionally done
Event: 8.807 loading class java/lang/Deprecated
Event: 8.807 loading class java/lang/Deprecated done
Event: 8.856 loading class java/time/Instant$1
Event: 8.856 loading class java/time/Instant$1 done
Event: 9.669 Thread 0x0000012eed0dad70 Thread exited: 0x0000012eed0dad70
Event: 20.773 loading class java/net/URLEncoder
Event: 20.944 loading class java/net/URLEncoder done
Event: 20.953 loading class java/io/CharArrayWriter
Event: 20.986 loading class java/io/CharArrayWriter done


Dynamic libraries:
0x00007ff7352d0000 - 0x00007ff7352de000 	C:\Users\nithy\.p2\pool\plugins\org.eclipse.justj.openjdk.hotspot.jre.full.win32.x86_64_17.0.0.v20211012-1059\jre\bin\javaw.exe
0x00007ffbb0ff0000 - 0x00007ffbb11e5000 	C:\Windows\SYSTEM32\ntdll.dll
0x00007ffbaf160000 - 0x00007ffbaf21d000 	C:\Windows\System32\KERNEL32.DLL
0x00007ffbae850000 - 0x00007ffbaeb1d000 	C:\Windows\System32\KERNELBASE.dll
0x00007ffbaeeb0000 - 0x00007ffbaefb0000 	C:\Windows\System32\ucrtbase.dll
0x00007ffb9e300000 - 0x00007ffb9e319000 	C:\Users\nithy\.p2\pool\plugins\org.eclipse.justj.openjdk.hotspot.jre.full.win32.x86_64_17.0.0.v20211012-1059\jre\bin\VCRUNTIME140.dll
0x00007ffb9e2e0000 - 0x00007ffb9e2f8000 	C:\Users\nithy\.p2\pool\plugins\org.eclipse.justj.openjdk.hotspot.jre.full.win32.x86_64_17.0.0.v20211012-1059\jre\bin\jli.dll
0x00007ffbaf6b0000 - 0x00007ffbaf850000 	C:\Windows\System32\USER32.dll
0x00007ffbaecd0000 - 0x00007ffbaecf2000 	C:\Windows\System32\win32u.dll
0x00007ffbaf2d0000 - 0x00007ffbaf2fa000 	C:\Windows\System32\GDI32.dll
0x00007ffbaebc0000 - 0x00007ffbaeccb000 	C:\Windows\System32\gdi32full.dll
0x00007ffbaeb20000 - 0x00007ffbaebbd000 	C:\Windows\System32\msvcp_win.dll
0x00007ffb95ba0000 - 0x00007ffb95e3a000 	C:\Windows\WinSxS\amd64_microsoft.windows.common-controls_6595b64144ccf1df_6.0.19041.1110_none_60b5254171f9507e\COMCTL32.dll
0x00007ffbafbd0000 - 0x00007ffbafc6e000 	C:\Windows\System32\msvcrt.dll
0x00007ffbaf4b0000 - 0x00007ffbaf4e0000 	C:\Windows\System32\IMM32.DLL
0x00007ffbabb80000 - 0x00007ffbabb8c000 	C:\Users\nithy\.p2\pool\plugins\org.eclipse.justj.openjdk.hotspot.jre.full.win32.x86_64_17.0.0.v20211012-1059\jre\bin\vcruntime140_1.dll
0x00007ffb92730000 - 0x00007ffb927c1000 	C:\Users\nithy\.p2\pool\plugins\org.eclipse.justj.openjdk.hotspot.jre.full.win32.x86_64_17.0.0.v20211012-1059\jre\bin\msvcp140.dll
0x00007ffb3b540000 - 0x00007ffb3c186000 	C:\Users\nithy\.p2\pool\plugins\org.eclipse.justj.openjdk.hotspot.jre.full.win32.x86_64_17.0.0.v20211012-1059\jre\bin\server\jvm.dll
0x00007ffbaf980000 - 0x00007ffbafa2e000 	C:\Windows\System32\ADVAPI32.dll
0x00007ffbaf5b0000 - 0x00007ffbaf64c000 	C:\Windows\System32\sechost.dll
0x00007ffbb0e80000 - 0x00007ffbb0fa5000 	C:\Windows\System32\RPCRT4.dll
0x00007ffbaf4f0000 - 0x00007ffbaf4f8000 	C:\Windows\System32\PSAPI.DLL
0x00007ffbabb00000 - 0x00007ffbabb09000 	C:\Windows\SYSTEM32\WSOCK32.dll
0x00007ffba6570000 - 0x00007ffba657a000 	C:\Windows\SYSTEM32\VERSION.dll
0x00007ffb8cff0000 - 0x00007ffb8d017000 	C:\Windows\SYSTEM32\WINMM.dll
0x00007ffbafa90000 - 0x00007ffbafafb000 	C:\Windows\System32\WS2_32.dll
0x00007ffbacf50000 - 0x00007ffbacf62000 	C:\Windows\SYSTEM32\kernel.appcore.dll
0x00007ffba9af0000 - 0x00007ffba9afa000 	C:\Users\nithy\.p2\pool\plugins\org.eclipse.justj.openjdk.hotspot.jre.full.win32.x86_64_17.0.0.v20211012-1059\jre\bin\jimage.dll
0x00007ffbac4c0000 - 0x00007ffbac6a4000 	C:\Windows\SYSTEM32\DBGHELP.DLL
0x00007ffb96e60000 - 0x00007ffb96e8c000 	C:\Windows\SYSTEM32\dbgcore.DLL
0x00007ffbaefb0000 - 0x00007ffbaf032000 	C:\Windows\System32\bcryptPrimitives.dll
0x00007ffba6420000 - 0x00007ffba6445000 	C:\Users\nithy\.p2\pool\plugins\org.eclipse.justj.openjdk.hotspot.jre.full.win32.x86_64_17.0.0.v20211012-1059\jre\bin\java.dll
0x00007ffba9a30000 - 0x00007ffba9a48000 	C:\Users\nithy\.p2\pool\plugins\org.eclipse.justj.openjdk.hotspot.jre.full.win32.x86_64_17.0.0.v20211012-1059\jre\bin\zip.dll
0x00007ffbb01f0000 - 0x00007ffbb0934000 	C:\Windows\System32\SHELL32.dll
0x00007ffbac7a0000 - 0x00007ffbacf34000 	C:\Windows\SYSTEM32\windows.storage.dll
0x00007ffbafe90000 - 0x00007ffbb01e4000 	C:\Windows\System32\combase.dll
0x00007ffbae090000 - 0x00007ffbae0bc000 	C:\Windows\SYSTEM32\Wldp.dll
0x00007ffbaf220000 - 0x00007ffbaf2cd000 	C:\Windows\System32\SHCORE.dll
0x00007ffbaf650000 - 0x00007ffbaf6a5000 	C:\Windows\System32\shlwapi.dll
0x00007ffbae640000 - 0x00007ffbae65f000 	C:\Windows\SYSTEM32\profapi.dll
0x00007ffba57a0000 - 0x00007ffba57b9000 	C:\Users\nithy\.p2\pool\plugins\org.eclipse.justj.openjdk.hotspot.jre.full.win32.x86_64_17.0.0.v20211012-1059\jre\bin\net.dll
0x00007ffba4c10000 - 0x00007ffba4d1a000 	C:\Windows\SYSTEM32\WINHTTP.dll
0x00007ffbadda0000 - 0x00007ffbade0a000 	C:\Windows\system32\mswsock.dll
0x00007ffb9f440000 - 0x00007ffb9f455000 	C:\Users\nithy\.p2\pool\plugins\org.eclipse.justj.openjdk.hotspot.jre.full.win32.x86_64_17.0.0.v20211012-1059\jre\bin\nio.dll
0x00007ffba5790000 - 0x00007ffba57a0000 	C:\Users\nithy\.p2\pool\plugins\org.eclipse.justj.openjdk.hotspot.jre.full.win32.x86_64_17.0.0.v20211012-1059\jre\bin\verify.dll
0x00007ffbadfd0000 - 0x00007ffbadfe8000 	C:\Windows\SYSTEM32\CRYPTSP.dll
0x00007ffbad730000 - 0x00007ffbad764000 	C:\Windows\system32\rsaenh.dll
0x00007ffbae820000 - 0x00007ffbae847000 	C:\Windows\System32\bcrypt.dll
0x00007ffbae600000 - 0x00007ffbae62e000 	C:\Windows\SYSTEM32\USERENV.dll
0x00007ffbadfc0000 - 0x00007ffbadfcc000 	C:\Windows\SYSTEM32\CRYPTBASE.dll
0x00007ffbadab0000 - 0x00007ffbadaeb000 	C:\Windows\SYSTEM32\IPHLPAPI.DLL
0x00007ffbafdd0000 - 0x00007ffbafdd8000 	C:\Windows\System32\NSI.dll
0x00007ffba29c0000 - 0x00007ffba29d7000 	C:\Windows\SYSTEM32\dhcpcsvc6.DLL
0x00007ffba29a0000 - 0x00007ffba29bd000 	C:\Windows\SYSTEM32\dhcpcsvc.DLL
0x00007ffbadaf0000 - 0x00007ffbadbbb000 	C:\Windows\SYSTEM32\DNSAPI.dll
0x00007ffb9bde0000 - 0x00007ffb9bdea000 	C:\Windows\System32\rasadhlp.dll
0x00007ffb9be00000 - 0x00007ffb9be80000 	C:\Windows\System32\fwpuclnt.dll
0x00007ffb9f430000 - 0x00007ffb9f439000 	C:\Users\nithy\.p2\pool\plugins\org.eclipse.justj.openjdk.hotspot.jre.full.win32.x86_64_17.0.0.v20211012-1059\jre\bin\management.dll
0x00007ffb9e8e0000 - 0x00007ffb9e8eb000 	C:\Users\nithy\.p2\pool\plugins\org.eclipse.justj.openjdk.hotspot.jre.full.win32.x86_64_17.0.0.v20211012-1059\jre\bin\management_ext.dll
0x00007ffb9e790000 - 0x00007ffb9e79e000 	C:\Users\nithy\.p2\pool\plugins\org.eclipse.justj.openjdk.hotspot.jre.full.win32.x86_64_17.0.0.v20211012-1059\jre\bin\sunmscapi.dll
0x00007ffbaed00000 - 0x00007ffbaee56000 	C:\Windows\System32\CRYPT32.dll
0x00007ffbae100000 - 0x00007ffbae127000 	C:\Windows\SYSTEM32\ncrypt.dll
0x00007ffbae0c0000 - 0x00007ffbae0fb000 	C:\Windows\SYSTEM32\NTASN1.dll
0x00007ffbabaf0000 - 0x00007ffbabaf7000 	C:\Windows\system32\wshunix.dll
0x00007ffb6b790000 - 0x00007ffb6b7a7000 	C:\Windows\system32\napinsp.dll
0x00007ffb6b770000 - 0x00007ffb6b78b000 	C:\Windows\system32\pnrpnsp.dll
0x00007ffba8fc0000 - 0x00007ffba8fd5000 	C:\Windows\system32\wshbth.dll
0x00007ffba98c0000 - 0x00007ffba98dd000 	C:\Windows\system32\NLAapi.dll
0x00007ffb6b750000 - 0x00007ffb6b762000 	C:\Windows\System32\winrnr.dll

dbghelp: loaded successfully - version: 4.0.5 - missing functions: none
symbol engine: initialized successfully - sym options: 0x614 - pdb path: .;C:\Users\nithy\.p2\pool\plugins\org.eclipse.justj.openjdk.hotspot.jre.full.win32.x86_64_17.0.0.v20211012-1059\jre\bin;C:\Windows\SYSTEM32;C:\Windows\WinSxS\amd64_microsoft.windows.common-controls_6595b64144ccf1df_6.0.19041.1110_none_60b5254171f9507e;C:\Users\nithy\.p2\pool\plugins\org.eclipse.justj.openjdk.hotspot.jre.full.win32.x86_64_17.0.0.v20211012-1059\jre\bin\server

VM Arguments:
jvm_args: -Dfile.encoding=Cp1252 -XX:+ShowCodeDetailsInExceptionMessages 
java_command: cucumber.api.cli.Main D:\ace-testing\CV-LibraryTechnicalTest\Features\Job.feature --glue classpath: --plugin pretty --monochrome
java_class_path (initial): D:\ace-testing\CV-LibraryTechnicalTest\target\classes;D:\ace-testing\CV-LibraryTechnicalTest\target\test-classes;C:\Users\nithy\.m2\repository\io\cucumber\cucumber-java\6.9.1\cucumber-java-6.9.1.jar;C:\Users\nithy\.m2\repository\org\apiguardian\apiguardian-api\1.1.0\apiguardian-api-1.1.0.jar;C:\Users\nithy\.m2\repository\io\cucumber\cucumber-testng\6.9.1\cucumber-testng-6.9.1.jar;C:\Users\nithy\.m2\repository\org\testng\testng\7.3.0\testng-7.3.0.jar;C:\Users\nithy\.m2\repository\com\beust\jcommander\1.78\jcommander-1.78.jar;C:\Users\nithy\.m2\repository\org\apache\ant\ant\1.10.3\ant-1.10.3.jar;C:\Users\nithy\.m2\repository\org\apache\ant\ant-launcher\1.10.3\ant-launcher-1.10.3.jar;C:\Users\nithy\.m2\repository\com\google\inject\guice\4.2.2\guice-4.2.2-no_aop.jar;C:\Users\nithy\.m2\repository\javax\inject\javax.inject\1\javax.inject-1.jar;C:\Users\nithy\.m2\repository\aopalliance\aopalliance\1.0\aopalliance-1.0.jar;C:\Users\nithy\.m2\repository\org\yaml\snakeyaml\1.21\snakeyaml-1.21.jar;C:\Users\nithy\.m2\repository\io\cucumber\cucumber-junit\6.9.1\cucumber-junit-6.9.1.jar;C:\Users\nithy\.m2\repository\junit\junit\4.13.1\junit-4.13.1.jar;C:\Users\nithy\.m2\repository\org\hamcrest\hamcrest-core\1.3\hamcrest-core-1.3.jar;C:\Users\nithy\.m2\repository\io\cucumber\cucumber-picocontainer\6.9.1\cucumber-picocontainer-6.9.1.jar;C:\Users\nithy\.m2\repository\org\picocontainer\picocontainer\2.15\picocontainer-2.15.jar;C:\Users\nithy\.m2\repository\io\cucumber\cucumber-core\6.9.1\cucumber-core-6.9.1.jar;C:\Users\nithy\.m2\repository\io\cucumber\cucumber-gherkin\6.9.1\cucumber-gherkin-6.9.1.jar;C:\Users\nithy\.m2\repository\io\cucumber\cucumber-gherkin-messages\6.9.1\cucumber-gherkin-messages-6.9.1.jar;C:\Users\nithy\.m2\repository\io\cucumber\messages\13.2.1\messages-13.2.1.jar;C:\Users\nithy\.m2\repository\io\cucumber\tag-expressions\3.0.0\tag-expressions-3.0.0.jar;C:\Users\nithy\.m2\repository\io\cucumber\cucumber-expressions\10.3.0\cucumber-expr
Launcher Type: SUN_STANDARD

[Global flags]
     intx CICompilerCount                          = 3                                         {product} {ergonomic}
     uint ConcGCThreads                            = 1                                         {product} {ergonomic}
     uint G1ConcRefinementThreads                  = 4                                         {product} {ergonomic}
   size_t G1HeapRegionSize                         = 1048576                                   {product} {ergonomic}
    uintx GCDrainStackTargetSize                   = 64                                        {product} {ergonomic}
   size_t InitialHeapSize                          = 65011712                                  {product} {ergonomic}
   size_t MarkStackSize                            = 4194304                                   {product} {ergonomic}
   size_t MaxHeapSize                              = 1035993088                                {product} {ergonomic}
   size_t MaxNewSize                               = 620756992                                 {product} {ergonomic}
   size_t MinHeapDeltaBytes                        = 1048576                                   {product} {ergonomic}
   size_t MinHeapSize                              = 8388608                                   {product} {ergonomic}
    uintx NonNMethodCodeHeapSize                   = 5832780                                {pd product} {ergonomic}
    uintx NonProfiledCodeHeapSize                  = 122912730                              {pd product} {ergonomic}
    uintx ProfiledCodeHeapSize                     = 122912730                              {pd product} {ergonomic}
    uintx ReservedCodeCacheSize                    = 251658240                              {pd product} {ergonomic}
     bool SegmentedCodeCache                       = true                                      {product} {ergonomic}
     bool ShowCodeDetailsInExceptionMessages       = true                                   {manageable} {command line}
   size_t SoftMaxHeapSize                          = 1035993088                             {manageable} {ergonomic}
     bool UseCompressedClassPointers               = true                           {product lp64_product} {ergonomic}
     bool UseCompressedOops                        = true                           {product lp64_product} {ergonomic}
     bool UseG1GC                                  = true                                      {product} {ergonomic}
     bool UseLargePagesIndividualAllocation        = false                                  {pd product} {ergonomic}

Logging:
Log output configuration:
 #0: stdout all=warning uptime,level,tags
 #1: stderr all=off uptime,level,tags

Environment Variables:
JAVA_HOME=C:\Program Files\Java\jdk
PATH=C:/Users/nithy/.p2/pool/plugins/org.eclipse.justj.openjdk.hotspot.jre.full.win32.x86_64_17.0.0.v20211012-1059/jre/bin/server;C:/Users/nithy/.p2/pool/plugins/org.eclipse.justj.openjdk.hotspot.jre.full.win32.x86_64_17.0.0.v20211012-1059/jre/bin;C:\Program Files (x86)\Common Files\Oracle\Java\javapath;C:\Program Files (x86)\Common Files\Intel\Shared Files\fortran\bin\Intel64;C:\Program Files (x86)\Common Files\Intel\Shared Libraries\redist\intel64_win\mpirt;C:\Program Files (x86)\Common Files\Intel\Shared Libraries\redist\intel64_win\compiler;C:\Windows\system32;C:\Windows;C:\Windows\System32\Wbem;C:\Windows\System32\WindowsPowerShell\v1.0\;C:\Windows\System32\OpenSSH\;C:\Program Files (x86)\Intel\Intel(R) Management Engine Components\DAL;C:\Program Files\Intel\Intel(R) Management Engine Components\DAL;C:\Program Files\MATLAB\R2018a\runtime\win64;C:\Program Files\MATLAB\R2018a\bin;C:\Program Files\MATLAB\R2009a\bin;C:\Program Files\MATLAB\R2009a\bin\win64;C:\Program Files\Microsoft SQL Server\110\Tools\Binn\;C:\Program Files\Java\jdk\bin\;C:\Program Files\Java\jre\bin\;C:\Program Files\Git\cmd;C:\Program Files\Docker\Docker\resources\bin;C:\ProgramData\DockerDesktop\version-bin;C:\Program Files\dotnet\;C:\Users\nithy\AppData\Local\Microsoft\WindowsApps;C:\Users\nithy\AppData\Local\Programs\Microsoft VS Code\bin;C:\ProgramData\nithy\GitHubDesktop\bin;C:\Users\nithy\Desktop;
USERNAME=nithy
OS=Windows_NT
PROCESSOR_IDENTIFIER=Intel64 Family 6 Model 142 Stepping 12, GenuineIntel



---------------  S Y S T E M  ---------------

OS:
 Windows 10 , 64 bit Build 19041 (10.0.19041.1706)
OS uptime: 3 days 15:35 hours
Hyper-V role detected

CPU: total 4 (initial active 4) (2 cores per cpu, 2 threads per core) family 6 model 142 stepping 12 microcode 0xf0, cx8, cmov, fxsr, ht, mmx, 3dnowpref, sse, sse2, sse3, ssse3, sse4.1, sse4.2, popcnt, lzcnt, tsc, tscinvbit, avx, avx2, aes, erms, clmul, bmi1, bmi2, adx, fma, vzeroupper, clflush, clflushopt, hv

Memory: 4k page, system-wide physical 3945M (46M free)
TotalPageFile size 16233M (AvailPageFile size 0M)
current process WorkingSet (physical memory assigned to process): 33M, peak: 194M
current process commit charge ("private bytes"): 203M, peak: 224M

vm_info: OpenJDK 64-Bit Server VM (17+35) for windows-amd64 JRE (17+35), built on Sep 14 2021 17:27:39 by "" with MS VC++ 16.7 (VS2019)

END.
